<?xml version="1.0" encoding="UTF-8"?>
<!-- Generated by org.testng.reporters.JUnitReportReporter -->
<testsuite skipped="0" hostname="Gilani-LG" name="listenerspkg.Demo3" tests="4" failures="0" timestamp="29 Dec 2019 05:54:12 GMT" time="0.000" errors="0">
  <testcase name="TestF" time="0.000" classname="listenerspkg.Demo3"/>
  <testcase name="TestG" time="0.000" classname="listenerspkg.Demo3"/>
  <testcase name="TestG" time="0.000" classname="listenerspkg.Demo3"/>
  <testcase name="TestF" time="0.000" classname="listenerspkg.Demo3"/>
</testsuite> <!-- listenerspkg.Demo3 -->
