<?xml version="1.0" encoding="UTF-8"?>
<!-- Generated by org.testng.reporters.JUnitReportReporter -->
<testsuite skipped="0" hostname="Gilani-LG" name="svg.bargraph" tests="1" failures="0" timestamp="15 Dec 2019 06:14:36 GMT" time="40.384" errors="0">
  <testcase name="testA" time="40.384" classname="svg.bargraph"/>
</testsuite> <!-- svg.bargraph -->
