<?xml version="1.0" encoding="UTF-8"?>
<!-- Generated by org.testng.reporters.JUnitReportReporter -->
<testsuite skipped="0" hostname="Gilani-LG" name="testData2.linkwithneg" tests="1" failures="0" timestamp="15 Dec 2019 04:46:37 GMT" time="1.280" errors="0">
  <testcase name="testB" time="1.280" classname="testData2.linkwithneg"/>
</testsuite> <!-- testData2.linkwithneg -->
