<?xml version="1.0" encoding="UTF-8"?>
<!-- Generated by org.testng.reporters.JUnitReportReporter -->
<testsuite skipped="0" hostname="Gilani-LG" name="Links.responsecode" tests="1" failures="0" timestamp="15 Dec 2019 04:21:01 GMT" time="2.056" errors="0">
  <testcase name="testA" time="2.056" classname="Links.responsecode"/>
</testsuite> <!-- Links.responsecode -->
