<?xml version="1.0" encoding="UTF-8"?>
<!-- Generated by org.testng.reporters.JUnitReportReporter -->
<testsuite skipped="0" hostname="Gilani-LG" name="listenerspkg.Demo2" tests="4" failures="0" timestamp="29 Dec 2019 05:54:12 GMT" time="0.000" errors="0">
  <testcase name="TestE" time="0.000" classname="listenerspkg.Demo2"/>
  <testcase name="TestD" time="0.000" classname="listenerspkg.Demo2"/>
  <testcase name="TestE" time="0.000" classname="listenerspkg.Demo2"/>
  <testcase name="TestD" time="0.000" classname="listenerspkg.Demo2"/>
</testsuite> <!-- listenerspkg.Demo2 -->
