<?xml version="1.0" encoding="UTF-8"?>
<!-- Generated by org.testng.reporters.JUnitReportReporter -->
<testsuite skipped="0" hostname="Gilani-LG" name="Links.DemoforLink" tests="1" failures="0" timestamp="22 Dec 2019 03:21:17 GMT" time="239.432" errors="0">
  <testcase name="testA" time="239.432" classname="Links.DemoforLink"/>
</testsuite> <!-- Links.DemoforLink -->
