<?xml version="1.0" encoding="UTF-8"?>
<!-- Generated by org.testng.reporters.JUnitReportReporter -->
<testsuite skipped="0" hostname="Gilani-LG" name="svg.circles" tests="1" failures="0" timestamp="15 Dec 2019 06:18:32 GMT" time="10.460" errors="0">
  <testcase name="testA" time="10.460" classname="svg.circles"/>
</testsuite> <!-- svg.circles -->
