<?xml version="1.0" encoding="UTF-8"?>
<!-- Generated by org.testng.reporters.JUnitReportReporter -->
<testsuite skipped="0" hostname="Gilani-LG" name="Links.demoForImage" tests="1" failures="0" timestamp="22 Dec 2019 03:13:55 GMT" time="16.103" errors="0">
  <testcase name="testA" time="16.103" classname="Links.demoForImage"/>
</testsuite> <!-- Links.demoForImage -->
