<?xml version="1.0" encoding="UTF-8"?>
<!-- Generated by org.testng.reporters.JUnitReportReporter -->
<testsuite skipped="0" hostname="Gilani-LG" name="testData2.Demo" tests="1" failures="0" timestamp="08 Dec 2019 04:59:23 GMT" time="24.433" errors="0">
  <testcase name="testA" time="24.433" classname="testData2.Demo"/>
</testsuite> <!-- testData2.Demo -->
