<?xml version="1.0" encoding="UTF-8"?>
<!-- Generated by org.testng.reporters.JUnitReportReporter -->
<testsuite skipped="0" hostname="Gilani-LG" name="testData.demo" tests="1" failures="0" timestamp="03 Jan 2020 16:46:24 GMT" time="0.014" errors="0">
  <testcase name="testA" time="0.014" classname="testData.demo"/>
</testsuite> <!-- testData.demo -->
