<?xml version="1.0" encoding="UTF-8"?>
<!-- Generated by org.testng.reporters.JUnitReportReporter -->
<testsuite skipped="0" hostname="Gilani-LG" name="com.windowpopu.windowPopupScreenshot" tests="1" failures="0" timestamp="04 Jan 2020 06:12:14 GMT" time="65.081" errors="0">
  <testcase name="testA" time="65.081" classname="com.windowpopu.windowPopupScreenshot"/>
</testsuite> <!-- com.windowpopu.windowPopupScreenshot -->
