<?xml version="1.0" encoding="UTF-8"?>
<!-- Generated by org.testng.reporters.JUnitReportReporter -->
<testsuite skipped="0" hostname="Gilani-LG" name="Links.MultipleLinksinaPage" tests="1" failures="0" timestamp="21 Dec 2019 15:35:00 GMT" time="16.463" errors="0">
  <testcase name="testA" time="16.463" classname="Links.MultipleLinksinaPage"/>
</testsuite> <!-- Links.MultipleLinksinaPage -->
