<?xml version="1.0" encoding="UTF-8"?>
<!-- Generated by org.testng.reporters.JUnitReportReporter -->
<testsuite skipped="0" hostname="Gilani-LG" name="db.demoDB" tests="1" failures="0" timestamp="28 Dec 2019 05:02:23 GMT" time="0.265" errors="0">
  <testcase name="testA" time="0.265" classname="db.demoDB"/>
</testsuite> <!-- db.demoDB -->
