<?xml version="1.0" encoding="UTF-8"?>
<!-- Generated by org.testng.reporters.JUnitReportReporter -->
<testsuite skipped="0" hostname="Gilani-LG" name="Headless.HTMLUnit" tests="1" failures="0" timestamp="28 Dec 2019 03:41:08 GMT" time="6.903" errors="0">
  <testcase name="TestB" time="6.903" classname="Headless.HTMLUnit"/>
</testsuite> <!-- Headless.HTMLUnit -->
