<?xml version="1.0" encoding="UTF-8"?>
<!-- Generated by org.testng.reporters.JUnitReportReporter -->
<testsuite skipped="0" hostname="Gilani-LG" name="Links.singleImage" tests="1" failures="0" timestamp="21 Dec 2019 15:37:53 GMT" time="1.813" errors="0">
  <testcase name="testA" time="1.813" classname="Links.singleImage"/>
</testsuite> <!-- Links.singleImage -->
