<?xml version="1.0" encoding="UTF-8"?>
<!-- Generated by org.testng.reporters.JUnitReportReporter -->
<testsuite skipped="0" hostname="Gilani-LG" name="Links.images" tests="1" failures="0" timestamp="21 Dec 2019 15:41:38 GMT" time="13.796" errors="0">
  <testcase name="testA" time="13.796" classname="Links.images"/>
</testsuite> <!-- Links.images -->
