<?xml version="1.0" encoding="UTF-8"?>
<!-- Generated by org.testng.reporters.JUnitReportReporter -->
<testsuite skipped="0" hostname="Gilani-LG" name="Headless.headlessBrowsers" tests="1" failures="0" timestamp="28 Dec 2019 03:19:12 GMT" time="23.434" errors="0">
  <testcase name="TestA" time="23.434" classname="Headless.headlessBrowsers"/>
</testsuite> <!-- Headless.headlessBrowsers -->
