<?xml version="1.0" encoding="UTF-8"?>
<!-- Generated by org.testng.reporters.JUnitReportReporter -->
<testsuite skipped="0" hostname="Gilani-LG" name="Headless.phantomJS" tests="1" failures="0" timestamp="28 Dec 2019 03:34:58 GMT" time="9.020" errors="0">
  <testcase name="TestA" time="9.020" classname="Headless.phantomJS"/>
</testsuite> <!-- Headless.phantomJS -->
