<?xml version="1.0" encoding="UTF-8"?>
<!-- Generated by org.testng.reporters.JUnitReportReporter -->
<testsuite skipped="0" hostname="Gilani-LG" name="Links.hiddenElement" tests="1" failures="0" timestamp="21 Dec 2019 15:57:28 GMT" time="17.117" errors="0">
  <testcase name="testA" time="17.117" classname="Links.hiddenElement"/>
</testsuite> <!-- Links.hiddenElement -->
